I, [2015-04-22T09:30:11.574473 #6620]  INFO -- : Refreshing Gem list
I, [2015-04-22T09:30:13.612061 #6620]  INFO -- : listening on addr=/home/deployer/gentron_2015/shared/sockets/unicorn.sock fd=10
I, [2015-04-22T09:30:13.612320 #6620]  INFO -- : worker=0 spawning...
I, [2015-04-22T09:30:13.614092 #6620]  INFO -- : worker=1 spawning...
I, [2015-04-22T09:30:13.615099 #6624]  INFO -- : worker=0 spawned pid=6624
I, [2015-04-22T09:30:13.616685 #6620]  INFO -- : master process ready
I, [2015-04-22T09:30:13.625099 #6627]  INFO -- : worker=1 spawned pid=6627
I, [2015-04-22T09:30:13.629537 #6624]  INFO -- : worker=0 ready
I, [2015-04-22T09:30:13.630742 #6627]  INFO -- : worker=1 ready
I, [2015-04-22T09:34:10.668801 #8179]  INFO -- : executing ["/home/deployer/.rbenv/versions/2.1.2/bin/unicorn", "-c", "config/unicorn.rb", "-E", "production", "-D", {10=>#<Kgio::UNIXServer:/home/deployer/gentron_2015/shared/sockets/unicorn.sock>}] (in /home/deployer/gentron_2015)
I, [2015-04-22T09:34:10.669126 #8179]  INFO -- : forked child re-executing...
I, [2015-04-22T09:34:11.357369 #8179]  INFO -- : inherited addr=/home/deployer/gentron_2015/shared/sockets/unicorn.sock fd=10
I, [2015-04-22T09:34:11.357979 #8179]  INFO -- : Refreshing Gem list
I, [2015-04-22T09:34:13.831920 #8179]  INFO -- : worker=0 spawning...
I, [2015-04-22T09:34:13.833897 #8179]  INFO -- : worker=1 spawning...
I, [2015-04-22T09:34:13.834856 #8184]  INFO -- : worker=0 spawned pid=8184
I, [2015-04-22T09:34:13.836719 #8179]  INFO -- : master process ready
I, [2015-04-22T09:34:13.837620 #8187]  INFO -- : worker=1 spawned pid=8187
I, [2015-04-22T09:34:13.842784 #8187]  INFO -- : worker=1 ready
I, [2015-04-22T09:34:13.844902 #8184]  INFO -- : worker=0 ready
E, [2015-04-22T09:36:10.093206 #8179] ERROR -- : old PID:6620 running with existing pid=/home/deployer/gentron_2015/shared/pids/unicorn.pid.oldbin, refusing rexec
